# Note that you do not have to rerun grub after making changes to this file
# NOTICE:  You have a /boot partition.  This means that
#          all kernel and initrd paths are relative to /boot/, eg.
#          root (hd0,0)
#          kernel /vmlinuz-version ro root=/dev/hda3
#          initrd /initrd-version.img
#boot=/dev/hda
default=0
timeout=30
splashimage=(hd0,0)/grub/splash.xpm.gz
title AOS
	root (hd0,0)
	kernel /vmlinuz-sslproxy ro root=LABEL=/
	initrd /initrd-sslproxy
title AOS-backup
	root (hd0,0)
	kernel /vmlinuz-sslproxy-backup ro root=LABEL=/
	initrd /initrd-sslproxy-backup
title Fedora Core (2.6.9-1.667)
	root (hd0,0)
	kernel /vmlinuz-2.6.9-1.667 ro root=LABEL=/
	initrd /initrd-2.6.9-1.667.img
